[debug] [2022-08-30T18:47:37.158Z] ----------------------------------------------------------------------
[debug] [2022-08-30T18:47:37.160Z] Command:       C:\Program Files\nodejs\node.exe C:\Users\Linhv\AppData\Roaming\npm\node_modules\firebase-tools\lib\bin\firebase.js init hosting
[debug] [2022-08-30T18:47:37.160Z] CLI Version:   10.8.0
[debug] [2022-08-30T18:47:37.160Z] Platform:      win32
[debug] [2022-08-30T18:47:37.161Z] Node Version:  v16.15.0
[debug] [2022-08-30T18:47:37.161Z] Time:          Wed Aug 31 2022 01:47:37 GMT+0700 (Indochina Time)
[debug] [2022-08-30T18:47:37.162Z] ----------------------------------------------------------------------
[debug] 
[debug] [2022-08-30T18:47:37.225Z] > command requires scopes: ["email","openid","https://www.googleapis.com/auth/cloudplatformprojects.readonly","https://www.googleapis.com/auth/firebase","https://www.googleapis.com/auth/cloud-platform"]
[debug] [2022-08-30T18:47:37.226Z] > authorizing via signed-in user (linhvan142876@gmail.com)
[info] 
     ######## #### ########  ######## ########     ###     ######  ########
     ##        ##  ##     ## ##       ##     ##  ##   ##  ##       ##
     ######    ##  ########  ######   ########  #########  ######  ######
     ##        ##  ##    ##  ##       ##     ## ##     ##       ## ##
     ##       #### ##     ## ######## ########  ##     ##  ######  ########

You're about to initialize a Firebase project in this directory:

  D:\Documents\Workspace\Movflx

Before we get started, keep in mind:

  * You are initializing within an existing Firebase project directory

[info] 
=== Project Setup
[info] 
[info] First, let's associate this project directory with a Firebase project.
[info] You can create multiple project aliases by running firebase use --add, 
[info] but for now we'll just set up a default project.
[info] 
[debug] [2022-08-30T18:47:44.715Z] Using project from CLI flag: movflx-clone
[debug] [2022-08-30T18:47:44.718Z] >>> [apiv2][query] GET https://firebase.googleapis.com/v1beta1/projects/movflx-clone [none]
[debug] [2022-08-30T18:47:45.099Z] <<< [apiv2][status] GET https://firebase.googleapis.com/v1beta1/projects/movflx-clone 200
[debug] [2022-08-30T18:47:45.100Z] <<< [apiv2][body] GET https://firebase.googleapis.com/v1beta1/projects/movflx-clone {"projectId":"movflx-clone","projectNumber":"562152817056","displayName":"movflx","name":"projects/movflx-clone","resources":{"hostingSite":"movflx-clone"},"state":"ACTIVE","etag":"1_8432f324-bfeb-45ff-b6bc-7c4febd9ca8a"}
[info] i  Using project movflx-clone (movflx) 
[info] 
=== Hosting Setup
[info] 
[info] Your public directory is the folder (relative to your project directory) that
[info] will contain Hosting assets to be uploaded with firebase deploy. If you
[info] have a build process for your assets, use your build's output directory.
[info] 
